[info] [2025-12-25T07:41:43.762Z] : ℹ You're already logged in as glands@the-maac.com
[debug] [2025-12-25T07:41:52.258Z] : >>>> HTTP REQUEST : POST https://accounts.zoho.com/oauth/v2/token/revoke 
Query params: {"token":"1000.20bf15f4087bacb2be19e40258863c24.0a06faa148784cd964456f556171a60d"}

[debug] [2025-12-25T07:41:53.701Z] : <<<< HTTP RESPONSE : 200
Response Headers{"server":"ZGS","date":"Thu, 25 Dec 2025 07:41:53 GMT","content-length":"20","connection":"close","set-cookie":["zalb_b266a5bf57=eec3a75d333f4bdde33eea5371b7c1c4; Path=/; Secure; HttpOnly","iamcsr=c83a7e33-41f4-4b0f-a8b9-97755e35548a;path=/;SameSite=Strict;Secure;priority=high"],"x-content-type-options":"nosniff","x-frame-options":"SAMEORIGIN","content-language":"en-US","strict-transport-security":"max-age=64072000; includeSubDomains; preload"}

[debug] [2025-12-25T07:41:53.702Z] : TOTAL TIME TAKEN : 1441 ms

[info] [2025-12-25T07:41:53.739Z] : ✔ You've been logged out.
[info] [2025-12-25T07:42:01.188Z] : 
[info] [2025-12-25T07:42:01.189Z] : Click this URL to login to your Zoho Account
[info] [2025-12-25T07:42:01.189Z] : https://accounts.zoho.com/oauth/v2/auth?client_id=1000.gnjph6g96nf23jd4u14tba2egykhik&scope=ZAPPS.apps.ALL%20AaaServer.profile.READ%20ZMProcessors.connectors.CREATE&response_type=code&access_type=offline&prompt=consent&redirect_uri=http%3A%2F%2Flocalhost%3A9005
[info] [2025-12-25T07:42:01.189Z] : Note: To login to CN DC, update the above URL from accounts.zoho.com to accounts.zoho.com.cn
[info] [2025-12-25T07:42:01.190Z] : 
[debug] [2025-12-25T07:42:09.317Z] : DCType Of the user is us
[debug] [2025-12-25T07:42:09.323Z] : >>>> HTTP REQUEST : POST https://accounts.zoho.com/oauth/v2/token 
<request query omitted>

[debug] [2025-12-25T07:42:10.883Z] : <<<< HTTP RESPONSE : 200
Response Headers{"server":"ZGS","date":"Thu, 25 Dec 2025 07:42:10 GMT","content-type":"application/json;charset=UTF-8","content-length":"337","connection":"close","set-cookie":["zalb_b266a5bf57=eec3a75d333f4bdde33eea5371b7c1c4; Path=/; Secure; HttpOnly","iamcsr=982b1f03-6a35-49cf-839b-f3d86101ce62;path=/;SameSite=Strict;Secure;priority=high"],"cache-control":"no-store","x-content-type-options":"nosniff","pragma":"no-cache","x-frame-options":"SAMEORIGIN","content-language":"en-US","strict-transport-security":"max-age=64072000; includeSubDomains; preload"}

[debug] [2025-12-25T07:42:10.884Z] : TOTAL TIME TAKEN : 1558 ms

[debug] [2025-12-25T07:42:10.899Z] : >>>> HTTP REQUEST : GET https://accounts.zoho.com/oauth/user/info 

[debug] [2025-12-25T07:42:11.953Z] : <<<< HTTP RESPONSE : 200
Response Headers{"server":"ZGS","date":"Thu, 25 Dec 2025 07:42:11 GMT","content-type":"application/json;charset=UTF-8","content-length":"133","connection":"close","set-cookie":["zalb_b266a5bf57=eec3a75d333f4bdde33eea5371b7c1c4; Path=/; Secure; HttpOnly","iamcsr=9396ce89-0f3a-419d-84b1-ff368cfbea80;path=/;SameSite=Strict;Secure;priority=high"],"x-content-type-options":"nosniff","cache-control":"private,no-cache,no-store,max-age=0,must-revalidate","pragma":"no-cache","expires":"Thu, 01 Jan 1970 00:00:00 GMT","x-frame-options":"SAMEORIGIN","content-language":"en-US","strict-transport-security":"max-age=64072000; includeSubDomains; preload"}

